<?xml version="1.0" encoding="utf-8"?><testsuites name="pytest tests"><testsuite name="pytest" errors="0" failures="0" skipped="0" tests="16" time="56.530" timestamp="2026-02-03T14:38:15.464327+03:00" hostname="DESKTOP-6GJD145"><testcase classname="simple_test" name="test_health_check" time="2.040" /><testcase classname="simple_test" name="test_generate_token" time="2.017" /><testcase classname="simple_test" name="test_protected_endpoints" time="8.082" /><testcase classname="simple_test" name="test_invalid_token" time="2.018" /><testcase classname="simple_test" name="test_wrong_credentials" time="2.017" /><testcase classname="test_client" name="test_health_check" time="2.008" /><testcase classname="test_client" name="test_generate_token" time="2.019" /><testcase classname="test_client" name="test_protected_endpoints" time="8.063" /><testcase classname="test_client" name="test_invalid_token" time="2.009" /><testcase classname="test_client" name="test_wrong_credentials" time="2.014" /><testcase classname="test_jwt_service" name="test_health_check" time="2.007" /><testcase classname="test_jwt_service" name="test_wrong_credentials" time="2.014" /><testcase classname="test_jwt_service" name="test_generate_token" time="2.016" /><testcase classname="test_jwt_service" name="test_invalid_token" time="2.007" /><testcase classname="test_jwt_service" name="test_protected_endpoints_with_urllib" time="8.050" /><testcase classname="test_jwt_service" name="test_protected_endpoints_with_requests" time="8.048" /></testsuite></testsuites>