<?xml version="1.0" encoding="utf-8"?><testsuites name="pytest tests"><testsuite name="pytest" errors="0" failures="0" skipped="0" tests="6" time="24.358" timestamp="2026-02-03T11:43:09.538309+03:00" hostname="DESKTOP-6GJD145"><testcase classname="test_jwt_service" name="test_health_check" time="2.072" /><testcase classname="test_jwt_service" name="test_wrong_credentials" time="2.023" /><testcase classname="test_jwt_service" name="test_generate_token" time="2.026" /><testcase classname="test_jwt_service" name="test_invalid_token" time="2.010" /><testcase classname="test_jwt_service" name="test_protected_endpoints_with_urllib" time="8.084" /><testcase classname="test_jwt_service" name="test_protected_endpoints_with_requests" time="8.061" /></testsuite></testsuites>